Arguments: 
  /usr/local/bin/node /usr/local/bin/yarn add --exact --dev typescript @types/react @types/node

PATH: 
  /home/.npm/_npx/8b377f6eec906bc4/node_modules/.bin:/home/project/node_modules/.bin:/home/node_modules/.bin:/node_modules/.bin:/usr/local/lib/node_modules/npm/lib/node-gyp-bin:/bin:/usr/bin:/usr/local/bin

Yarn version: 
  1.22.19

Node version: 
  20.19.1

Platform: 
  linux x64

Trace: 
  Error: https://registry.yarnpkg.com/@radix-ui%2freact-button: Not found
      at params.callback (/usr/local/lib/node_modules/yarn/dist/yarn.js:56412:18)
      at self.callback (/usr/local/lib/node_modules/yarn/dist/yarn.js:124812:22)
      at Request.emit (node:events:30:11034)
      at Request.eval (/usr/local/lib/node_modules/yarn/dist/yarn.js:125784:10)
      at Request.emit (node:events:30:11034)
      at IncomingMessage.eval (/usr/local/lib/node_modules/yarn/dist/yarn.js:125706:12)
      at Object.onceWrapper (node:events:30:8244)
      at IncomingMessage.emit (node:events:30:11150)
      at endReadableNT (node:internal/streams/readable:230:10631)
      at processTicksAndRejections (node:internal/process/task_queues:196:1067)

npm manifest: 
  {
    "name": "clippulse",
    "version": "0.1.0",
    "private": true,
    "scripts": {
      "dev": "next dev",
      "build": "next build",
      "start": "next start",
      "lint": "next lint",
      "worker": "tsx src/lib/server/workers/renderVideo.ts",
      "db:push": "prisma db push",
      "db:migrate": "prisma migrate dev",
      "db:seed": "tsx prisma/seed.ts",
      "type-check": "tsc --noEmit"
    },
    "dependencies": {
      "@auth/prisma-adapter": "^1.0.12",
      "@hookform/resolvers": "^3.3.2",
      "@prisma/client": "^5.7.1",
      "@radix-ui/react-avatar": "^1.0.4",
      "@radix-ui/react-button": "^1.0.4",
      "@radix-ui/react-card": "^1.0.4",
      "@radix-ui/react-dialog": "^1.0.5",
      "@radix-ui/react-dropdown-menu": "^2.0.6",
      "@radix-ui/react-form": "^0.0.3",
      "@radix-ui/react-label": "^2.0.2",
      "@radix-ui/react-progress": "^1.0.3",
      "@radix-ui/react-select": "^2.0.0",
      "@radix-ui/react-separator": "^1.0.3",
      "@radix-ui/react-slider": "^1.1.2",
      "@radix-ui/react-switch": "^1.0.3",
      "@radix-ui/react-tabs": "^1.0.4",
      "@radix-ui/react-textarea": "^1.0.4",
      "@radix-ui/react-toast": "^1.1.5",
      "@supabase/supabase-js": "^2.38.5",
      "@t3-oss/env-nextjs": "^0.7.1",
      "@tanstack/react-query": "^5.17.0",
      "@trpc/client": "^10.45.0",
      "@trpc/next": "^10.45.0",
      "@trpc/react-query": "^10.45.0",
      "@trpc/server": "^10.45.0",
      "bullmq": "^4.15.4",
      "class-variance-authority": "^0.7.0",
      "clsx": "^2.0.0",
      "framer-motion": "^10.16.16",
      "ioredis": "^5.3.2",
      "lucide-react": "^0.303.0",
      "next": "14.0.4",
      "next-auth": "^4.24.5",
      "next-themes": "^0.2.1",
      "pusher": "^5.2.0",
      "pusher-js": "^8.4.0-rc2",
      "react": "^18",
      "react-dom": "^18",
      "react-hook-form": "^7.48.2",
      "stripe": "^14.10.0",
      "tailwind-merge": "^2.2.0",
      "tailwindcss-animate": "^1.0.7",
      "zod": "^3.22.4",
      "zustand": "^4.4.7"
    },
    "devDependencies": {
      "@types/node": "^20",
      "@types/react": "^18",
      "@types/react-dom": "^18",
      "autoprefixer": "^10.0.1",
      "eslint": "^8",
      "eslint-config-next": "14.0.4",
      "postcss": "^8",
      "prisma": "^5.7.1",
      "tailwindcss": "^3.3.0",
      "tsx": "^4.6.2",
      "typescript": "^5"
    }
  }

yarn manifest: 
  No manifest

Lockfile: 
  No lockfile
